<?xml version="1.0" encoding="UTF-8"?>
<robot generator="Robot 7.4.2 (Python 3.10.12 on linux)" generated="2026-03-04T18:29:50.876887" rpa="false" schemaversion="5">
<suite id="s1" name="Chat" source="/home/dev/git/GenIa/quality/end-to-end/tests/chat.robot">
<test id="s1-t1" name="Should Interact SUGGEST_PRODUCT_BASED_ON_CATEGORY Successfully" line="6">
<kw name="Create Chat Session" owner="common">
<kw name="Create Session" owner="RequestsLibrary">
<msg time="2026-03-04T18:29:50.959965" level="INFO">Creating Session using : alias=chat, url=http://localhost:8012, headers={},                     cookies={}, auth=None, timeout=None, proxies=None, verify=False,                     debug=0 </msg>
<arg>chat</arg>
<arg>${CHAT_BASE_URL}</arg>
<doc>Create Session: create a HTTP session to a server</doc>
<status status="PASS" start="2026-03-04T18:29:50.959776" elapsed="0.000377"/>
</kw>
<status status="PASS" start="2026-03-04T18:29:50.959185" elapsed="0.001050"/>
</kw>
<kw name="Execute Chat Interaction" owner="common">
<kw name="Create Dictionary" owner="BuiltIn">
<msg time="2026-03-04T18:29:50.961377" level="INFO">${body} = {'input': 'Suggest me products on the snacks category', 'customer_email': 'aurelio@gmail.com'}</msg>
<var>${body}</var>
<arg>input=${input}</arg>
<arg>customer_email=${customer_email}</arg>
<doc>Creates and returns a dictionary based on the given ``items``.</doc>
<status status="PASS" start="2026-03-04T18:29:50.960818" elapsed="0.000592"/>
</kw>
<kw name="Create Dictionary" owner="BuiltIn">
<msg time="2026-03-04T18:29:50.961915" level="INFO">${headers} = {'session-id': '03KJ6MS4MP395H791TF9CT5BGF'}</msg>
<var>${headers}</var>
<arg>session-id=${session_id}</arg>
<doc>Creates and returns a dictionary based on the given ``items``.</doc>
<status status="PASS" start="2026-03-04T18:29:50.961539" elapsed="0.000406"/>
</kw>
<kw name="POST On Session" owner="RequestsLibrary">
<msg time="2026-03-04T18:29:52.100037" level="INFO">POST Request : url=http://localhost:8012/v2/chat/interaction 
 path_url=/v2/chat/interaction 
 headers={'User-Agent': 'python-requests/2.32.5', 'Accept-Encoding': 'gzip, deflate', 'Accept': '*/*', 'Connection': 'keep-alive', 'session-id': '03KJ6MS4MP395H791TF9CT5BGF', 'Content-Length': '94', 'Content-Type': 'application/json'} 
 body=b'{"input": "Suggest me products on the snacks category", "customer_email": "aurelio@gmail.com"}' 
 </msg>
<msg time="2026-03-04T18:29:52.100295" level="INFO">POST Response : url=http://localhost:8012/v2/chat/interaction 
 status=200, reason=OK 
 headers={'date': 'Wed, 04 Mar 2026 21:29:50 GMT', 'server': 'uvicorn', 'content-length': '357', 'content-type': 'application/json'} 
 body={"output":"Here are some tasty snack picks you might enjoy:\n\n- **Nutella** – creamy chocolate spread, $35.00  \n- **Ruffles** – crunchy seasoned chips, $9.90  \n- **Maizena Cookie** – sweet cookie treat, $4.50  \n- **Pringles** – classic stackable chips, $4.50  \n\nLet me know if any catch your eye or if you’d like to add them to your order!"} 
 </msg>
<msg time="2026-03-04T18:29:52.100648" level="INFO">${response} = &lt;Response [200]&gt;</msg>
<var>${response}</var>
<arg>chat</arg>
<arg>/v2/chat/interaction</arg>
<arg>json=${body}</arg>
<arg>headers=${headers}</arg>
<doc>Sends a POST request on a previously created HTTP Session.</doc>
<status status="PASS" start="2026-03-04T18:29:50.962055" elapsed="1.138676"/>
</kw>
<kw name="Log To Console" owner="BuiltIn">
<arg>\nInteraction Input: ${input}</arg>
<doc>Logs the given message to the console.</doc>
<status status="PASS" start="2026-03-04T18:29:52.101149" elapsed="0.000769"/>
</kw>
<kw name="Log To Console" owner="BuiltIn">
<arg>Interaction Output:\n${response.json()}</arg>
<doc>Logs the given message to the console.</doc>
<status status="PASS" start="2026-03-04T18:29:52.102144" elapsed="0.001330"/>
</kw>
<kw name="Status Should Be" owner="RequestsLibrary">
<arg>200</arg>
<arg>${response}</arg>
<doc>Fails if response status code is different than the expected.</doc>
<status status="PASS" start="2026-03-04T18:29:52.103735" elapsed="0.000524"/>
</kw>
<return>
<value>${response}</value>
<status status="PASS" start="2026-03-04T18:29:52.104375" elapsed="0.000089"/>
</return>
<arg>${SESSION_ID}</arg>
<arg>${CUSTOMER_EMAIL}</arg>
<arg>Suggest me products on the snacks category</arg>
<status status="PASS" start="2026-03-04T18:29:50.960451" elapsed="1.144246"/>
</kw>
<kw name="Sleep" owner="BuiltIn">
<msg time="2026-03-04T18:30:02.105875" level="INFO">Slept 10 seconds.</msg>
<arg>10s</arg>
<doc>Pauses the test executed for the given time.</doc>
<status status="PASS" start="2026-03-04T18:29:52.104975" elapsed="10.001465"/>
</kw>
<status status="PASS" start="2026-03-04T18:29:50.958488" elapsed="11.148829"/>
</test>
<test id="s1-t2" name="Should Interact SUGGEST_PRODUCT_BASED_ON_ORDER_HISTORY Successfully" line="16">
<kw name="Create Chat Session" owner="common">
<kw name="Create Session" owner="RequestsLibrary">
<msg time="2026-03-04T18:30:02.112675" level="INFO">Creating Session using : alias=chat, url=http://localhost:8012, headers={},                     cookies={}, auth=None, timeout=None, proxies=None, verify=False,                     debug=0 </msg>
<arg>chat</arg>
<arg>${CHAT_BASE_URL}</arg>
<doc>Create Session: create a HTTP session to a server</doc>
<status status="PASS" start="2026-03-04T18:30:02.111942" elapsed="0.001480"/>
</kw>
<status status="PASS" start="2026-03-04T18:30:02.110354" elapsed="0.003386"/>
</kw>
<kw name="Execute Chat Interaction" owner="common">
<kw name="Create Dictionary" owner="BuiltIn">
<msg time="2026-03-04T18:30:02.118494" level="INFO">${body} = {'input': 'Suggest me products that match with my purchase history', 'customer_email': 'aurelio@gmail.com'}</msg>
<var>${body}</var>
<arg>input=${input}</arg>
<arg>customer_email=${customer_email}</arg>
<doc>Creates and returns a dictionary based on the given ``items``.</doc>
<status status="PASS" start="2026-03-04T18:30:02.116388" elapsed="0.002254"/>
</kw>
<kw name="Create Dictionary" owner="BuiltIn">
<msg time="2026-03-04T18:30:02.121155" level="INFO">${headers} = {'session-id': '03KJ6MS4MP395H791TF9CT5BGF'}</msg>
<var>${headers}</var>
<arg>session-id=${session_id}</arg>
<doc>Creates and returns a dictionary based on the given ``items``.</doc>
<status status="PASS" start="2026-03-04T18:30:02.119202" elapsed="0.002222"/>
</kw>
<kw name="POST On Session" owner="RequestsLibrary">
<msg time="2026-03-04T18:30:03.552886" level="INFO">POST Request : url=http://localhost:8012/v2/chat/interaction 
 path_url=/v2/chat/interaction 
 headers={'User-Agent': 'python-requests/2.32.5', 'Accept-Encoding': 'gzip, deflate', 'Accept': '*/*', 'Connection': 'keep-alive', 'session-id': '03KJ6MS4MP395H791TF9CT5BGF', 'Content-Length': '107', 'Content-Type': 'application/json'} 
 body=b'{"input": "Suggest me products that match with my purchase history", "customer_email": "aurelio@gmail.com"}' 
 </msg>
<msg time="2026-03-04T18:30:03.553036" level="INFO">POST Response : url=http://localhost:8012/v2/chat/interaction 
 status=200, reason=OK 
 headers={'date': 'Wed, 04 Mar 2026 21:30:01 GMT', 'server': 'uvicorn', 'content-length': '366', 'content-type': 'application/json'} 
 body={"output":"Based on your past purchases, you might like these items:\n\n- **Nutella** – creamy chocolate spread, $35.00  \n- **Ruffles** – crunchy seasoned chips, $9.90  \n- **Maizena Cookie** – sweet cookie treat, $4.50  \n- **Pringles** – classic stackable chips, $4.50  \n\nLet me know if any catch your eye or if you’d like to add them to your order!"} 
 </msg>
<msg time="2026-03-04T18:30:03.553310" level="INFO">${response} = &lt;Response [200]&gt;</msg>
<var>${response}</var>
<arg>chat</arg>
<arg>/v2/chat/interaction</arg>
<arg>json=${body}</arg>
<arg>headers=${headers}</arg>
<doc>Sends a POST request on a previously created HTTP Session.</doc>
<status status="PASS" start="2026-03-04T18:30:02.121969" elapsed="1.431404"/>
</kw>
<kw name="Log To Console" owner="BuiltIn">
<arg>\nInteraction Input: ${input}</arg>
<doc>Logs the given message to the console.</doc>
<status status="PASS" start="2026-03-04T18:30:03.553690" elapsed="0.000759"/>
</kw>
<kw name="Log To Console" owner="BuiltIn">
<arg>Interaction Output:\n${response.json()}</arg>
<doc>Logs the given message to the console.</doc>
<status status="PASS" start="2026-03-04T18:30:03.554787" elapsed="0.001553"/>
</kw>
<kw name="Status Should Be" owner="RequestsLibrary">
<arg>200</arg>
<arg>${response}</arg>
<doc>Fails if response status code is different than the expected.</doc>
<status status="PASS" start="2026-03-04T18:30:03.556520" elapsed="0.000285"/>
</kw>
<return>
<value>${response}</value>
<status status="PASS" start="2026-03-04T18:30:03.556885" elapsed="0.000053"/>
</return>
<arg>${SESSION_ID}</arg>
<arg>${CUSTOMER_EMAIL}</arg>
<arg>Suggest me products that match with my purchase history</arg>
<status status="PASS" start="2026-03-04T18:30:02.114715" elapsed="1.442385"/>
</kw>
<kw name="Sleep" owner="BuiltIn">
<msg time="2026-03-04T18:30:13.558218" level="INFO">Slept 10 seconds.</msg>
<arg>10s</arg>
<doc>Pauses the test executed for the given time.</doc>
<status status="PASS" start="2026-03-04T18:30:03.557396" elapsed="10.001213"/>
</kw>
<status status="PASS" start="2026-03-04T18:30:02.108323" elapsed="11.451114"/>
</test>
<test id="s1-t3" name="Should Interact SUGGEST_DAY_AND_PRODUCTS_BASED_ON_WEATHER Successfully" line="26">
<kw name="Create Chat Session" owner="common">
<kw name="Create Session" owner="RequestsLibrary">
<msg time="2026-03-04T18:30:13.564265" level="INFO">Creating Session using : alias=chat, url=http://localhost:8012, headers={},                     cookies={}, auth=None, timeout=None, proxies=None, verify=False,                     debug=0 </msg>
<arg>chat</arg>
<arg>${CHAT_BASE_URL}</arg>
<doc>Create Session: create a HTTP session to a server</doc>
<status status="PASS" start="2026-03-04T18:30:13.563546" elapsed="0.001427"/>
</kw>
<status status="PASS" start="2026-03-04T18:30:13.562351" elapsed="0.002980"/>
</kw>
<kw name="Execute Chat Interaction" owner="common">
<kw name="Create Dictionary" owner="BuiltIn">
<msg time="2026-03-04T18:30:13.570268" level="INFO">${body} = {'input': 'I want to go for a walk on a rainy day', 'customer_email': 'aurelio@gmail.com'}</msg>
<var>${body}</var>
<arg>input=${input}</arg>
<arg>customer_email=${customer_email}</arg>
<doc>Creates and returns a dictionary based on the given ``items``.</doc>
<status status="PASS" start="2026-03-04T18:30:13.567988" elapsed="0.002441"/>
</kw>
<kw name="Create Dictionary" owner="BuiltIn">
<msg time="2026-03-04T18:30:13.573071" level="INFO">${headers} = {'session-id': '03KJ6MS4MP395H791TF9CT5BGF'}</msg>
<var>${headers}</var>
<arg>session-id=${session_id}</arg>
<doc>Creates and returns a dictionary based on the given ``items``.</doc>
<status status="PASS" start="2026-03-04T18:30:13.571095" elapsed="0.002121"/>
</kw>
<kw name="POST On Session" owner="RequestsLibrary">
<msg time="2026-03-04T18:30:14.774528" level="INFO">POST Request : url=http://localhost:8012/v2/chat/interaction 
 path_url=/v2/chat/interaction 
 headers={'User-Agent': 'python-requests/2.32.5', 'Accept-Encoding': 'gzip, deflate', 'Accept': '*/*', 'Connection': 'keep-alive', 'session-id': '03KJ6MS4MP395H791TF9CT5BGF', 'Content-Length': '90', 'Content-Type': 'application/json'} 
 body=b'{"input": "I want to go for a walk on a rainy day", "customer_email": "aurelio@gmail.com"}' 
 </msg>
<msg time="2026-03-04T18:30:14.774631" level="INFO">POST Response : url=http://localhost:8012/v2/chat/interaction 
 status=200, reason=OK 
 headers={'date': 'Wed, 04 Mar 2026 21:30:13 GMT', 'server': 'uvicorn', 'content-length': '281', 'content-type': 'application/json'} 
 body={"output":"A rainy walk looks perfect on **Mar 8** (rain, 28.5 °C). For a comfy, dry outing, consider:\n\n- Waterproof Windbreaker – $70.90  \n- Umbrella – $3.00  \n- Waterproof Backpack Cover – $7.50  \n\nLet me know if you’d like to add any of these to your order!"} 
 </msg>
<msg time="2026-03-04T18:30:14.774813" level="INFO">${response} = &lt;Response [200]&gt;</msg>
<var>${response}</var>
<arg>chat</arg>
<arg>/v2/chat/interaction</arg>
<arg>json=${body}</arg>
<arg>headers=${headers}</arg>
<doc>Sends a POST request on a previously created HTTP Session.</doc>
<status status="PASS" start="2026-03-04T18:30:13.574051" elapsed="1.200802"/>
</kw>
<kw name="Log To Console" owner="BuiltIn">
<arg>\nInteraction Input: ${input}</arg>
<doc>Logs the given message to the console.</doc>
<status status="PASS" start="2026-03-04T18:30:14.775049" elapsed="0.000478"/>
</kw>
<kw name="Log To Console" owner="BuiltIn">
<arg>Interaction Output:\n${response.json()}</arg>
<doc>Logs the given message to the console.</doc>
<status status="PASS" start="2026-03-04T18:30:14.775679" elapsed="0.000858"/>
</kw>
<kw name="Status Should Be" owner="RequestsLibrary">
<arg>200</arg>
<arg>${response}</arg>
<doc>Fails if response status code is different than the expected.</doc>
<status status="PASS" start="2026-03-04T18:30:14.776690" elapsed="0.000249"/>
</kw>
<return>
<value>${response}</value>
<status status="PASS" start="2026-03-04T18:30:14.777009" elapsed="0.000045"/>
</return>
<arg>${SESSION_ID}</arg>
<arg>${CUSTOMER_EMAIL}</arg>
<arg>I want to go for a walk on a rainy day</arg>
<status status="PASS" start="2026-03-04T18:30:13.566280" elapsed="1.210922"/>
</kw>
<kw name="Sleep" owner="BuiltIn">
<msg time="2026-03-04T18:30:24.778046" level="INFO">Slept 10 seconds.</msg>
<arg>10s</arg>
<doc>Pauses the test executed for the given time.</doc>
<status status="PASS" start="2026-03-04T18:30:14.777394" elapsed="10.001079"/>
</kw>
<status status="PASS" start="2026-03-04T18:30:13.560355" elapsed="11.219020"/>
</test>
<test id="s1-t4" name="Should Interact PURCHASE_PRODUCT Successfully" line="36">
<kw name="Create Chat Session" owner="common">
<kw name="Create Session" owner="RequestsLibrary">
<msg time="2026-03-04T18:30:24.784804" level="INFO">Creating Session using : alias=chat, url=http://localhost:8012, headers={},                     cookies={}, auth=None, timeout=None, proxies=None, verify=False,                     debug=0 </msg>
<arg>chat</arg>
<arg>${CHAT_BASE_URL}</arg>
<doc>Create Session: create a HTTP session to a server</doc>
<status status="PASS" start="2026-03-04T18:30:24.783959" elapsed="0.001647"/>
</kw>
<status status="PASS" start="2026-03-04T18:30:24.782769" elapsed="0.003156"/>
</kw>
<kw name="Execute Chat Interaction" owner="common">
<kw name="Create Dictionary" owner="BuiltIn">
<msg time="2026-03-04T18:30:24.791172" level="INFO">${body} = {'input': 'I would like to buy 7 Ruffles and a Nutella', 'customer_email': 'aurelio@gmail.com'}</msg>
<var>${body}</var>
<arg>input=${input}</arg>
<arg>customer_email=${customer_email}</arg>
<doc>Creates and returns a dictionary based on the given ``items``.</doc>
<status status="PASS" start="2026-03-04T18:30:24.788640" elapsed="0.002698"/>
</kw>
<kw name="Create Dictionary" owner="BuiltIn">
<msg time="2026-03-04T18:30:24.795542" level="INFO">${headers} = {'session-id': '03KJ6MS4MP395H791TF9CT5BGF'}</msg>
<var>${headers}</var>
<arg>session-id=${session_id}</arg>
<doc>Creates and returns a dictionary based on the given ``items``.</doc>
<status status="PASS" start="2026-03-04T18:30:24.792485" elapsed="0.003227"/>
</kw>
<kw name="POST On Session" owner="RequestsLibrary">
<msg time="2026-03-04T18:30:25.902579" level="INFO">POST Request : url=http://localhost:8012/v2/chat/interaction 
 path_url=/v2/chat/interaction 
 headers={'User-Agent': 'python-requests/2.32.5', 'Accept-Encoding': 'gzip, deflate', 'Accept': '*/*', 'Connection': 'keep-alive', 'session-id': '03KJ6MS4MP395H791TF9CT5BGF', 'Content-Length': '95', 'Content-Type': 'application/json'} 
 body=b'{"input": "I would like to buy 7 Ruffles and a Nutella", "customer_email": "aurelio@gmail.com"}' 
 </msg>
<msg time="2026-03-04T18:30:25.902798" level="INFO">POST Response : url=http://localhost:8012/v2/chat/interaction 
 status=200, reason=OK 
 headers={'date': 'Wed, 04 Mar 2026 21:30:24 GMT', 'server': 'uvicorn', 'content-length': '186', 'content-type': 'application/json'} 
 body={"output":"Your order for 7 Ruffles and 1 Nutella has been placed successfully, Aurelio. 🎉 Let me know if you’d like anything else added or need assistance with anything else!"} 
 </msg>
<msg time="2026-03-04T18:30:25.903279" level="INFO">${response} = &lt;Response [200]&gt;</msg>
<var>${response}</var>
<arg>chat</arg>
<arg>/v2/chat/interaction</arg>
<arg>json=${body}</arg>
<arg>headers=${headers}</arg>
<doc>Sends a POST request on a previously created HTTP Session.</doc>
<status status="PASS" start="2026-03-04T18:30:24.796281" elapsed="1.107099"/>
</kw>
<kw name="Log To Console" owner="BuiltIn">
<arg>\nInteraction Input: ${input}</arg>
<doc>Logs the given message to the console.</doc>
<status status="PASS" start="2026-03-04T18:30:25.903857" elapsed="0.001066"/>
</kw>
<kw name="Log To Console" owner="BuiltIn">
<arg>Interaction Output:\n${response.json()}</arg>
<doc>Logs the given message to the console.</doc>
<status status="PASS" start="2026-03-04T18:30:25.905309" elapsed="0.002379"/>
</kw>
<kw name="Status Should Be" owner="RequestsLibrary">
<arg>200</arg>
<arg>${response}</arg>
<doc>Fails if response status code is different than the expected.</doc>
<status status="PASS" start="2026-03-04T18:30:25.908030" elapsed="0.000458"/>
</kw>
<return>
<value>${response}</value>
<status status="PASS" start="2026-03-04T18:30:25.908641" elapsed="0.000103"/>
</return>
<arg>${SESSION_ID}</arg>
<arg>${CUSTOMER_EMAIL}</arg>
<arg>I would like to buy 7 Ruffles and a Nutella</arg>
<status status="PASS" start="2026-03-04T18:30:24.786921" elapsed="1.122177"/>
</kw>
<kw name="Sleep" owner="BuiltIn">
<msg time="2026-03-04T18:30:35.910324" level="INFO">Slept 10 seconds.</msg>
<arg>10s</arg>
<doc>Pauses the test executed for the given time.</doc>
<status status="PASS" start="2026-03-04T18:30:25.909465" elapsed="10.001563"/>
</kw>
<status status="PASS" start="2026-03-04T18:30:24.780755" elapsed="11.131510"/>
</test>
<test id="s1-t5" name="Should Interact TARANTINO_QUESTION Successfully" line="46">
<kw name="Create Chat Session" owner="common">
<kw name="Create Session" owner="RequestsLibrary">
<msg time="2026-03-04T18:30:35.918082" level="INFO">Creating Session using : alias=chat, url=http://localhost:8012, headers={},                     cookies={}, auth=None, timeout=None, proxies=None, verify=False,                     debug=0 </msg>
<arg>chat</arg>
<arg>${CHAT_BASE_URL}</arg>
<doc>Create Session: create a HTTP session to a server</doc>
<status status="PASS" start="2026-03-04T18:30:35.917207" elapsed="0.001938"/>
</kw>
<status status="PASS" start="2026-03-04T18:30:35.915884" elapsed="0.003652"/>
</kw>
<kw name="Execute Chat Interaction" owner="common">
<kw name="Create Dictionary" owner="BuiltIn">
<msg time="2026-03-04T18:30:35.924819" level="INFO">${body} = {'input': 'Did Tarantino won the oscar? If yes, with movies?', 'customer_email': 'aurelio@gmail.com'}</msg>
<var>${body}</var>
<arg>input=${input}</arg>
<arg>customer_email=${customer_email}</arg>
<doc>Creates and returns a dictionary based on the given ``items``.</doc>
<status status="PASS" start="2026-03-04T18:30:35.922536" elapsed="0.002432"/>
</kw>
<kw name="Create Dictionary" owner="BuiltIn">
<msg time="2026-03-04T18:30:35.928942" level="INFO">${headers} = {'session-id': '03KJ6MS4MP395H791TF9CT5BGF'}</msg>
<var>${headers}</var>
<arg>session-id=${session_id}</arg>
<doc>Creates and returns a dictionary based on the given ``items``.</doc>
<status status="PASS" start="2026-03-04T18:30:35.925617" elapsed="0.003483"/>
</kw>
<kw name="POST On Session" owner="RequestsLibrary">
<msg time="2026-03-04T18:30:37.835441" level="INFO">POST Request : url=http://localhost:8012/v2/chat/interaction 
 path_url=/v2/chat/interaction 
 headers={'User-Agent': 'python-requests/2.32.5', 'Accept-Encoding': 'gzip, deflate', 'Accept': '*/*', 'Connection': 'keep-alive', 'session-id': '03KJ6MS4MP395H791TF9CT5BGF', 'Content-Length': '101', 'Content-Type': 'application/json'} 
 body=b'{"input": "Did Tarantino won the oscar? If yes, with movies?", "customer_email": "aurelio@gmail.com"}' 
 </msg>
<msg time="2026-03-04T18:30:37.835557" level="INFO">POST Response : url=http://localhost:8012/v2/chat/interaction 
 status=200, reason=OK 
 headers={'date': 'Wed, 04 Mar 2026 21:30:35 GMT', 'server': 'uvicorn', 'content-length': '447', 'content-type': 'application/json'} 
 body={"output":"Yes! Quentin Tarantino has won Academy Awards for **Best Original Screenplay** twice:  \n\n- **Pulp Fiction** (1995) – won for Original Screenplay.  \n- **Django Unchained** (2013) – won for Original Screenplay.  \n\nHis other films (e.g., *Kill Bill*, *Inglourious Basterds*, *Once Upon a Time in Hollywood*) have earned Oscars in various categories, but those two scripts earned him the Oscar‑winning honors."} 
 </msg>
<msg time="2026-03-04T18:30:37.835780" level="INFO">${response} = &lt;Response [200]&gt;</msg>
<var>${response}</var>
<arg>chat</arg>
<arg>/v2/chat/interaction</arg>
<arg>json=${body}</arg>
<arg>headers=${headers}</arg>
<doc>Sends a POST request on a previously created HTTP Session.</doc>
<status status="PASS" start="2026-03-04T18:30:35.929688" elapsed="1.906167"/>
</kw>
<kw name="Log To Console" owner="BuiltIn">
<arg>\nInteraction Input: ${input}</arg>
<doc>Logs the given message to the console.</doc>
<status status="PASS" start="2026-03-04T18:30:37.836132" elapsed="0.000556"/>
</kw>
<kw name="Log To Console" owner="BuiltIn">
<arg>Interaction Output:\n${response.json()}</arg>
<doc>Logs the given message to the console.</doc>
<status status="PASS" start="2026-03-04T18:30:37.836862" elapsed="0.001063"/>
</kw>
<kw name="Status Should Be" owner="RequestsLibrary">
<arg>200</arg>
<arg>${response}</arg>
<doc>Fails if response status code is different than the expected.</doc>
<status status="PASS" start="2026-03-04T18:30:37.838097" elapsed="0.000338"/>
</kw>
<return>
<value>${response}</value>
<status status="PASS" start="2026-03-04T18:30:37.838516" elapsed="0.000053"/>
</return>
<arg>${SESSION_ID}</arg>
<arg>${CUSTOMER_EMAIL}</arg>
<arg>Did Tarantino won the oscar? If yes, with movies?</arg>
<status status="PASS" start="2026-03-04T18:30:35.920741" elapsed="1.917993"/>
</kw>
<kw name="Sleep" owner="BuiltIn">
<msg time="2026-03-04T18:30:47.839622" level="INFO">Slept 10 seconds.</msg>
<arg>10s</arg>
<doc>Pauses the test executed for the given time.</doc>
<status status="PASS" start="2026-03-04T18:30:37.838943" elapsed="10.001056"/>
</kw>
<status status="PASS" start="2026-03-04T18:30:35.913678" elapsed="11.927104"/>
</test>
<test id="s1-t6" name="Should Interact UNKNOWN Successfully" line="56">
<kw name="Create Chat Session" owner="common">
<kw name="Create Session" owner="RequestsLibrary">
<msg time="2026-03-04T18:30:47.845371" level="INFO">Creating Session using : alias=chat, url=http://localhost:8012, headers={},                     cookies={}, auth=None, timeout=None, proxies=None, verify=False,                     debug=0 </msg>
<arg>chat</arg>
<arg>${CHAT_BASE_URL}</arg>
<doc>Create Session: create a HTTP session to a server</doc>
<status status="PASS" start="2026-03-04T18:30:47.844639" elapsed="0.001449"/>
</kw>
<status status="PASS" start="2026-03-04T18:30:47.843481" elapsed="0.002917"/>
</kw>
<kw name="Execute Chat Interaction" owner="common">
<kw name="Create Dictionary" owner="BuiltIn">
<msg time="2026-03-04T18:30:47.852276" level="INFO">${body} = {'input': 'Tell me how to do backflips', 'customer_email': 'aurelio@gmail.com'}</msg>
<var>${body}</var>
<arg>input=${input}</arg>
<arg>customer_email=${customer_email}</arg>
<doc>Creates and returns a dictionary based on the given ``items``.</doc>
<status status="PASS" start="2026-03-04T18:30:47.849022" elapsed="0.003439"/>
</kw>
<kw name="Create Dictionary" owner="BuiltIn">
<msg time="2026-03-04T18:30:47.855279" level="INFO">${headers} = {'session-id': '03KJ6MS4MP395H791TF9CT5BGF'}</msg>
<var>${headers}</var>
<arg>session-id=${session_id}</arg>
<doc>Creates and returns a dictionary based on the given ``items``.</doc>
<status status="PASS" start="2026-03-04T18:30:47.853140" elapsed="0.002283"/>
</kw>
<kw name="POST On Session" owner="RequestsLibrary">
<msg time="2026-03-04T18:30:48.690291" level="INFO">POST Request : url=http://localhost:8012/v2/chat/interaction 
 path_url=/v2/chat/interaction 
 headers={'User-Agent': 'python-requests/2.32.5', 'Accept-Encoding': 'gzip, deflate', 'Accept': '*/*', 'Connection': 'keep-alive', 'session-id': '03KJ6MS4MP395H791TF9CT5BGF', 'Content-Length': '79', 'Content-Type': 'application/json'} 
 body=b'{"input": "Tell me how to do backflips", "customer_email": "aurelio@gmail.com"}' 
 </msg>
<msg time="2026-03-04T18:30:48.690453" level="INFO">POST Response : url=http://localhost:8012/v2/chat/interaction 
 status=200, reason=OK 
 headers={'date': 'Wed, 04 Mar 2026 21:30:47 GMT', 'server': 'uvicorn', 'content-length': '532', 'content-type': 'application/json'} 
 body={"output":"Sure! Here’s a quick guide:\n\n1. **Warm‑up** – stretch calves, hamstrings, back, and shoulders.  \n2. **Master a strong jump** – practice a straight vertical leap, swinging arms upward.  \n3. **Tuck** – pull knees to chest, grab shins, keep head tucked.  \n4. **Spot the landing** – rotate fully, open when you see the ground, bend knees to absorb impact.  \n\nStart on a soft mat or with a coach, and never try alone until you’re comfortable. Let me know if you’d like safety gear suggestions!"} 
 </msg>
<msg time="2026-03-04T18:30:48.690742" level="INFO">${response} = &lt;Response [200]&gt;</msg>
<var>${response}</var>
<arg>chat</arg>
<arg>/v2/chat/interaction</arg>
<arg>json=${body}</arg>
<arg>headers=${headers}</arg>
<doc>Sends a POST request on a previously created HTTP Session.</doc>
<status status="PASS" start="2026-03-04T18:30:47.856157" elapsed="0.834652"/>
</kw>
<kw name="Log To Console" owner="BuiltIn">
<arg>\nInteraction Input: ${input}</arg>
<doc>Logs the given message to the console.</doc>
<status status="PASS" start="2026-03-04T18:30:48.691144" elapsed="0.000748"/>
</kw>
<kw name="Log To Console" owner="BuiltIn">
<arg>Interaction Output:\n${response.json()}</arg>
<doc>Logs the given message to the console.</doc>
<status status="PASS" start="2026-03-04T18:30:48.692166" elapsed="0.001705"/>
</kw>
<kw name="Status Should Be" owner="RequestsLibrary">
<arg>200</arg>
<arg>${response}</arg>
<doc>Fails if response status code is different than the expected.</doc>
<status status="PASS" start="2026-03-04T18:30:48.694134" elapsed="0.000398"/>
</kw>
<return>
<value>${response}</value>
<status status="PASS" start="2026-03-04T18:30:48.694655" elapsed="0.000067"/>
</return>
<arg>${SESSION_ID}</arg>
<arg>${CUSTOMER_EMAIL}</arg>
<arg>Tell me how to do backflips</arg>
<status status="PASS" start="2026-03-04T18:30:47.847327" elapsed="0.847634"/>
</kw>
<kw name="Sleep" owner="BuiltIn">
<msg time="2026-03-04T18:30:58.696151" level="INFO">Slept 10 seconds.</msg>
<arg>10s</arg>
<doc>Pauses the test executed for the given time.</doc>
<status status="PASS" start="2026-03-04T18:30:48.695271" elapsed="10.001258"/>
</kw>
<status status="PASS" start="2026-03-04T18:30:47.841735" elapsed="10.855657"/>
</test>
<status status="PASS" start="2026-03-04T18:29:50.877795" elapsed="67.821532"/>
</suite>
<statistics>
<total>
<stat pass="6" fail="0" skip="0">All Tests</stat>
</total>
<tag>
</tag>
<suite>
<stat name="Chat" id="s1" pass="6" fail="0" skip="0">Chat</stat>
</suite>
</statistics>
<errors>
</errors>
</robot>
